Using pre-set license
Built from '2020.2/staging' branch; Version is '2020.2.7f1 (c53830e277f1) revision 12924976'; Using compiler version '192528614'; Build Type 'Release'
OS: 'Windows 10 Home Single Language; OS build 19042.1165; Version 2009; 64bit' Language: 'en' Physical Memory: 16145 MB
BatchMode: 1, IsHumanControllingUs: 0, StartBugReporterOnCrash: 0, Is64bit: 1, IsPro: 0

 COMMAND LINE ARGUMENTS:
C:\Program Files\2020.2.7f1\Editor\Unity.exe
-adb2
-batchMode
-noUpm
-name
AssetImportWorker0
-projectPath
C:/MyStuff/Class/GD-3rd Year/rep/Pachinko/Pachi Pachi
-logFile
Logs/AssetImportWorker0.log
-srvPort
57826
Successfully changed project path to: C:/MyStuff/Class/GD-3rd Year/rep/Pachinko/Pachi Pachi
C:/MyStuff/Class/GD-3rd Year/rep/Pachinko/Pachi Pachi
Using Asset Import Pipeline V2.
Refreshing native plugins compatible for Editor in 35.31 ms, found 1 plugins.
Preloading 0 native plugins for Editor in 0.00 ms.
Initialize engine version: 2020.2.7f1 (c53830e277f1)
[Subsystems] Discovering subsystems at path C:/Program Files/2020.2.7f1/Editor/Data/Resources/UnitySubsystems
[Subsystems] Discovering subsystems at path C:/MyStuff/Class/GD-3rd Year/rep/Pachinko/Pachi Pachi/Assets
GfxDevice: creating device client; threaded=0
Direct3D:
    Version:  Direct3D 11.0 [level 11.1]
    Renderer: NVIDIA GeForce GTX 1660 Ti (ID=0x2191)
    Vendor:   
    VRAM:     5991 MB
    Driver:   27.21.14.6231
Initialize mono
Mono path[0] = 'C:/Program Files/2020.2.7f1/Editor/Data/Managed'
Mono path[1] = 'C:/Program Files/2020.2.7f1/Editor/Data/MonoBleedingEdge/lib/mono/unityjit'
Mono config path = 'C:/Program Files/2020.2.7f1/Editor/Data/MonoBleedingEdge/etc'
Using monoOptions --debugger-agent=transport=dt_socket,embedding=1,server=y,suspend=n,address=127.0.0.1:56976
Begin MonoManager ReloadAssembly
Registering precompiled unity dll's ...
Register platform support module: C:/Program Files/2020.2.7f1/Editor/Data/PlaybackEngines/WindowsStandaloneSupport/UnityEditor.WindowsStandalone.Extensions.dll
Registered in 0.001965 seconds.
Native extension for WindowsStandalone target not found
Refreshing native plugins compatible for Editor in 44.80 ms, found 1 plugins.
Preloading 0 native plugins for Editor in 0.00 ms.
Invoked RoslynAnalysisRunner static constructor.
RoslynAnalysisRunner will not be running.
RoslynAnalysisRunner has terminated.
Mono: successfully reloaded assembly
- Completed reload, in  1.645 seconds
Platform modules already initialized, skipping
Registering precompiled user dll's ...
Registered in 0.001903 seconds.
Begin MonoManager ReloadAssembly
Native extension for WindowsStandalone target not found
Refreshing native plugins compatible for Editor in 32.69 ms, found 1 plugins.
Preloading 0 native plugins for Editor in 0.00 ms.
Invoked RoslynAnalysisRunner static constructor.
RoslynAnalysisRunner will not be running.
RoslynAnalysisRunner has terminated.
Mono: successfully reloaded assembly
- Completed reload, in  0.796 seconds
Platform modules already initialized, skipping
========================================================================
Worker process is ready to serve import requests
Launched and connected shader compiler UnityShaderCompiler.exe after 0.05 seconds
Refreshing native plugins compatible for Editor in 0.54 ms, found 1 plugins.
Preloading 0 native plugins for Editor in 0.00 ms.
Unloading 1868 Unused Serialized files (Serialized files now loaded: 0)
System memory in use before: 87.8 MB.
System memory in use after: 87.9 MB.

Unloading 19 unused Assets to reduce memory usage. Loaded Objects now: 2317.
Total: 2.754600 ms (FindLiveObjects: 0.321600 ms CreateObjectMapping: 0.137900 ms MarkObjects: 2.222400 ms  DeleteObjects: 0.071400 ms)

========================================================================
Received Import Request.
  path: Assets/Scenes/Credits.unity
  artifactKey: Guid(70703abbe1dcea34eaaeccfff04e5275) Importer(815301076,1909f56bfc062723c751e8b465ee728b)
Start importing Assets/Scenes/Credits.unity using Guid(70703abbe1dcea34eaaeccfff04e5275) Importer(815301076,1909f56bfc062723c751e8b465ee728b)  -> (artifact id: 'c3af7a3a9879f3852c084a087be345b9') in 0.010250 seconds
  Import took 0.013001 seconds .

========================================================================
Received Prepare
Refreshing native plugins compatible for Editor in 2.81 ms, found 1 plugins.
Preloading 0 native plugins for Editor in 0.00 ms.
Unloading 5 Unused Serialized files (Serialized files now loaded: 0)
System memory in use before: 49.8 MB.
System memory in use after: 50.0 MB.

Unloading 5 unused Assets to reduce memory usage. Loaded Objects now: 2317.
Total: 2.861500 ms (FindLiveObjects: 0.272800 ms CreateObjectMapping: 0.095800 ms MarkObjects: 2.475300 ms  DeleteObjects: 0.015500 ms)

========================================================================
Received Prepare
Refreshing native plugins compatible for Editor in 1.99 ms, found 1 plugins.
Preloading 0 native plugins for Editor in 0.00 ms.
Unloading 5 Unused Serialized files (Serialized files now loaded: 0)
System memory in use before: 49.8 MB.
System memory in use after: 50.0 MB.

Unloading 5 unused Assets to reduce memory usage. Loaded Objects now: 2317.
Total: 2.319700 ms (FindLiveObjects: 0.337500 ms CreateObjectMapping: 0.122400 ms MarkObjects: 1.845100 ms  DeleteObjects: 0.012900 ms)

